2021-04-22 08:08:59,000 INFO com.grizzlywave.grizzlywavestarter.configuration.AnnotationAspect [main] 2
2021-04-22 08:08:59,416 INFO com.grizzlywave.grizzlywavestarter.configuration.AnnotationAspect [main] WaveInit event sent successfully 
2021-04-22 08:08:59,426 INFO com.grizzlywave.grizzlywavestarter.configuration.AnnotationAspect [main] StopWatch '': running time = 709514700 ns
---------------------------------------------
ns         %     Task name
---------------------------------------------
709514700  100%  waveInit annotation Aspect

2021-04-22 08:08:59,427 INFO com.grizzlywave.grizzlywavestarter.configuration.AnnotationAspect [main] 
{
"StartTime" : "2021-04-22T07:08:58:0716Z" 
 "correlationId" : "454ac55a-210f-4173-bb14-26e9bcc4cbd7" 
 "EventType" : "Init" 
 "WorkFlow" : "FirstWorkFlow" 
 "event" : "INIT_ORDER" 
 "Payload" : "Order [id=2, customerId=2, price=200, state=pandding]" 
 "EndTime" : "2021-04-22T07:08:59:0426Z" 
 "Duration" : "709" 
 }
2021-04-22 08:09:51,514 INFO com.grizzlywave.grizzlywavestarter.configuration.AnnotationAspect [main] 2
2021-04-22 08:09:51,611 INFO com.grizzlywave.grizzlywavestarter.configuration.AnnotationAspect [main] WaveInit event sent successfully 
2021-04-22 08:09:51,620 INFO com.grizzlywave.grizzlywavestarter.configuration.AnnotationAspect [main] StopWatch '': running time = 171030900 ns
---------------------------------------------
ns         %     Task name
---------------------------------------------
171030900  100%  waveInit annotation Aspect

2021-04-22 08:09:51,621 INFO com.grizzlywave.grizzlywavestarter.configuration.AnnotationAspect [main] 
{
"StartTime" : "2021-04-22T07:09:51:0448Z" 
 "correlationId" : "01efb8e6-2443-4986-9d12-3da52a1c5f48" 
 "EventType" : "Init" 
 "WorkFlow" : "FirstWorkFlow" 
 "event" : "INIT_ORDER" 
 "Payload" : "Order [id=2, customerId=2, price=200, state=pandding]" 
 "EndTime" : "2021-04-22T07:09:51:0620Z" 
 "Duration" : "171" 
 }
2021-04-22 08:09:52,623 INFO com.grizzlywave.grizzlywavestarter.configuration.AnnotationAspect [org.springframework.kafka.KafkaListenerEndpointContainer#0-0-C-1] WaveTransition event sent successfully
2021-04-22 08:09:52,624 INFO com.grizzlywave.grizzlywavestarter.configuration.AnnotationAspect [org.springframework.kafka.KafkaListenerEndpointContainer#0-0-C-1] {"id":2,"customerId":2,"price":200,"state":"pandding"}
2021-04-22 08:09:52,625 INFO com.grizzlywave.grizzlywavestarter.configuration.AnnotationAspect [org.springframework.kafka.KafkaListenerEndpointContainer#0-0-C-1] Order [id=14, customerId=2, price=200, state=pandding]
2021-04-22 08:09:52,626 INFO com.grizzlywave.grizzlywavestarter.configuration.AnnotationAspect [org.springframework.kafka.KafkaListenerEndpointContainer#0-0-C-1] StopWatch '': running time = 10263600 ns
---------------------------------------------
ns         %     Task name
---------------------------------------------
010263600  100%  waveTransition afterReturn  annotation Aspect

2021-04-22 08:09:52,627 INFO com.grizzlywave.grizzlywavestarter.configuration.AnnotationAspect [org.springframework.kafka.KafkaListenerEndpointContainer#0-0-C-1] 
{
"StartTime" : "2021-04-22T07:09:52:0615Z" 
 "correlationId" : "" 
 "EventType" : "Transition" 
 "WorkFlow" : "WorkFlow" 
 "StepName" : "cheked" 
 "Source event" : "customerMS" 
 "Target event" : "orderMS" 
 "Payload" : "Order [id=14, customerId=2, price=200, state=pandding]" 
 "EndTime" : "2021-04-22T07:09:52:0626Z" 
 "Duration" : "10" 
 }
2021-04-22 08:30:13,229 INFO com.grizzlywave.grizzlywavestarter.configuration.AnnotationAspect [main] 2
2021-04-22 08:30:13,421 INFO com.grizzlywave.grizzlywavestarter.configuration.AnnotationAspect [main] StopWatch '': running time = 231063800 ns
---------------------------------------------
ns         %     Task name
---------------------------------------------
231063800  100%  waveInit annotation Aspect

2021-04-22 08:30:13,421 INFO com.grizzlywave.grizzlywavestarter.configuration.AnnotationAspect [main] 
{
"StartTime" : "2021-04-22T07:30:13:0189Z" 
 "correlationId" : "c63fa70b-0e79-443e-b6fc-be9b6519865f" 
 "EventType" : "Init" 
 "WorkFlow" : "FirstWorkFlow" 
 "event" : "INIT_ORDER" 
 "Payload" : "Order [id=2, customerId=2, price=200, state=pandding]" 
 "EndTime" : "2021-04-22T07:30:13:0420Z" 
 "Duration" : "231" 
 }
2021-04-22 08:30:14,360 INFO com.grizzlywave.grizzlywavestarter.configuration.AnnotationAspect [org.springframework.kafka.KafkaListenerEndpointContainer#0-0-C-1] StopWatch '': running time = 11939500 ns
---------------------------------------------
ns         %     Task name
---------------------------------------------
011939500  100%  waveTransition afterReturn  annotation Aspect

2021-04-22 08:30:14,361 INFO com.grizzlywave.grizzlywavestarter.configuration.AnnotationAspect [org.springframework.kafka.KafkaListenerEndpointContainer#0-0-C-1] 
{
"StartTime" : "2021-04-22T07:30:14:0347Z" 
 "correlationId" : "" 
 "EventType" : "Transition" 
 "WorkFlow" : "WorkFlow" 
 "StepName" : "cheked" 
 "Source event" : "customerMS" 
 "Target event" : "orderMS" 
 "Payload" : "Order [id=14, customerId=2, price=200, state=pandding]" 
 "EndTime" : "2021-04-22T07:30:14:0360Z" 
 "Duration" : "11" 
 }
2021-04-22 10:07:31,197 INFO com.grizzlywave.grizzlywavestarter.configuration.AnnotationAspect [main] 2
2021-04-22 10:07:31,388 INFO com.grizzlywave.grizzlywavestarter.configuration.AnnotationAspect [main] StopWatch '': running time = 246775600 ns
---------------------------------------------
ns         %     Task name
---------------------------------------------
246775600  100%  waveInit annotation Aspect

2021-04-22 10:07:31,389 INFO com.grizzlywave.grizzlywavestarter.configuration.AnnotationAspect [main] 
{
"StartTime" : "2021-04-22T09:07:31:0141Z" 
 "correlationId" : "99777730-94c0-4150-bace-ad5b76421de4" 
 "EventType" : "Init" 
 "WorkFlow" : "FirstWorkFlow" 
 "event" : "INIT_ORDER" 
 "Payload" : "Order [id=2, customerId=2, price=200, state=pandding]" 
 "EndTime" : "2021-04-22T09:07:31:0388Z" 
 "Duration" : "246" 
 }
2021-04-22 10:07:32,070 INFO com.grizzlywave.grizzlywavestarter.configuration.AnnotationAspect [org.springframework.kafka.KafkaListenerEndpointContainer#0-0-C-1] StopWatch '': running time = 5845900 ns
---------------------------------------------
ns         %     Task name
---------------------------------------------
005845900  100%  waveTransition afterReturn  annotation Aspect

2021-04-22 10:07:32,071 INFO com.grizzlywave.grizzlywavestarter.configuration.AnnotationAspect [org.springframework.kafka.KafkaListenerEndpointContainer#0-0-C-1] 
{
"StartTime" : "2021-04-22T09:07:32:0063Z" 
 "correlationId" : "" 
 "EventType" : "Transition" 
 "WorkFlow" : "WorkFlow" 
 "StepName" : "cheked" 
 "Source event" : "customerMS" 
 "Target event" : "orderMS" 
 "Payload" : "Order [id=14, customerId=2, price=200, state=pandding]" 
 "EndTime" : "2021-04-22T09:07:32:0070Z" 
 "Duration" : "5" 
 }
2021-04-22 10:29:44,234 INFO com.grizzlywave.grizzlywavestarter.configuration.AnnotationAspect [main] 2
2021-04-22 10:29:44,796 INFO com.grizzlywave.grizzlywavestarter.configuration.AnnotationAspect [main] StopWatch '': running time = 690647700 ns
---------------------------------------------
ns         %     Task name
---------------------------------------------
690647700  100%  waveInit annotation Aspect

2021-04-22 10:29:44,797 INFO com.grizzlywave.grizzlywavestarter.configuration.AnnotationAspect [main] 
{
"StartTime" : "2021-04-22T09:29:44:0104Z" 
 "correlationId" : "267569a7-a934-4e81-8940-2f6f16a30084" 
 "EventType" : "Init" 
 "WorkFlow" : "FirstWorkFlow" 
 "event" : "INIT_ORDER" 
 "Payload" : "Order [id=2, customerId=2, price=200, state=pandding]" 
 "EndTime" : "2021-04-22T09:29:44:0795Z" 
 "Duration" : "690" 
 }
2021-04-22 10:29:45,143 INFO com.grizzlywave.grizzlywavestarter.configuration.AnnotationAspect [org.springframework.kafka.KafkaListenerEndpointContainer#0-0-C-1] StopWatch '': running time = 7053600 ns
---------------------------------------------
ns         %     Task name
---------------------------------------------
007053600  100%  waveTransition afterReturn  annotation Aspect

2021-04-22 10:29:45,145 INFO com.grizzlywave.grizzlywavestarter.configuration.AnnotationAspect [org.springframework.kafka.KafkaListenerEndpointContainer#0-0-C-1] 
{
"StartTime" : "2021-04-22T09:29:45:0136Z" 
 "correlationId" : "" 
 "EventType" : "Transition" 
 "WorkFlow" : "WorkFlow" 
 "StepName" : "cheked" 
 "Source event" : "customerMS" 
 "Target event" : "orderMS" 
 "Payload" : "Order [id=14, customerId=2, price=200, state=pandding]" 
 "EndTime" : "2021-04-22T09:29:45:0143Z" 
 "Duration" : "7" 
 }
2021-04-22 10:31:21,548 INFO com.grizzlywave.grizzlywavestarter.configuration.AnnotationAspect [main] 2
2021-04-22 10:31:21,649 INFO com.grizzlywave.grizzlywavestarter.configuration.AnnotationAspect [main] StopWatch '': running time = 141164000 ns
---------------------------------------------
ns         %     Task name
---------------------------------------------
141164000  100%  waveInit annotation Aspect

2021-04-22 10:31:21,649 INFO com.grizzlywave.grizzlywavestarter.configuration.AnnotationAspect [main] 
{
"StartTime" : "2021-04-22T09:31:21:0506Z" 
 "correlationId" : "0688584a-a674-49f8-88c4-d70a283a87f0" 
 "EventType" : "Init" 
 "WorkFlow" : "FirstWorkFlow" 
 "event" : "INIT_ORDER" 
 "Payload" : "Order [id=2, customerId=2, price=200, state=pandding]" 
 "EndTime" : "2021-04-22T09:31:21:0648Z" 
 "Duration" : "141" 
 }
2021-04-22 10:31:22,681 INFO com.grizzlywave.grizzlywavestarter.configuration.AnnotationAspect [org.springframework.kafka.KafkaListenerEndpointContainer#0-0-C-1] StopWatch '': running time = 9967800 ns
---------------------------------------------
ns         %     Task name
---------------------------------------------
009967800  100%  waveTransition afterReturn  annotation Aspect

2021-04-22 10:31:22,684 INFO com.grizzlywave.grizzlywavestarter.configuration.AnnotationAspect [org.springframework.kafka.KafkaListenerEndpointContainer#0-0-C-1] 
{
"StartTime" : "2021-04-22T09:31:22:0670Z" 
 "correlationId" : "" 
 "EventType" : "Transition" 
 "WorkFlow" : "WorkFlow" 
 "StepName" : "cheked" 
 "Source event" : "customerMS" 
 "Target event" : "orderMS" 
 "Payload" : "Order [id=14, customerId=2, price=200, state=pandding]" 
 "EndTime" : "2021-04-22T09:31:22:0681Z" 
 "Duration" : "9" 
 }
2021-04-22 10:33:55,984 INFO com.grizzlywave.grizzlywavestarter.configuration.AnnotationAspect [main] 2
2021-04-22 10:33:56,106 INFO com.grizzlywave.grizzlywavestarter.configuration.AnnotationAspect [main] StopWatch '': running time = 169608300 ns
---------------------------------------------
ns         %     Task name
---------------------------------------------
169608300  100%  waveInit annotation Aspect

2021-04-22 10:33:56,107 INFO com.grizzlywave.grizzlywavestarter.configuration.AnnotationAspect [main] 
{
"StartTime" : "2021-04-22T09:33:55:0936Z" 
 "correlationId" : "67e88125-4261-4308-a28e-9f9b3095abb6" 
 "EventType" : "Init" 
 "WorkFlow" : "FirstWorkFlow" 
 "event" : "INIT_ORDER" 
 "Payload" : "Order [id=2, customerId=2, price=200, state=pandding]" 
 "EndTime" : "2021-04-22T09:33:56:0106Z" 
 "Duration" : "169" 
 }
2021-04-22 10:33:56,927 INFO com.grizzlywave.grizzlywavestarter.configuration.AnnotationAspect [org.springframework.kafka.KafkaListenerEndpointContainer#0-0-C-1] StopWatch '': running time = 6665200 ns
---------------------------------------------
ns         %     Task name
---------------------------------------------
006665200  100%  waveTransition afterReturn  annotation Aspect

2021-04-22 10:33:56,929 INFO com.grizzlywave.grizzlywavestarter.configuration.AnnotationAspect [org.springframework.kafka.KafkaListenerEndpointContainer#0-0-C-1] 
{
"StartTime" : "2021-04-22T09:33:56:0920Z" 
 "correlationId" : "" 
 "EventType" : "Transition" 
 "WorkFlow" : "WorkFlow" 
 "StepName" : "cheked" 
 "Source event" : "customerMS" 
 "Target event" : "orderMS" 
 "Payload" : "Order [id=14, customerId=2, price=200, state=pandding]" 
 "EndTime" : "2021-04-22T09:33:56:0927Z" 
 "Duration" : "6" 
 }
