2021-04-21 12:53:33,212 INFO com.grizzlywave.grizzlywavestarter.configuration.AnnotationAspect [main] 2
2021-04-21 12:53:33,634 INFO com.grizzlywave.grizzlywavestarter.configuration.AnnotationAspect [main] WaveInit event sent successfully 
2021-04-21 12:53:33,642 INFO com.grizzlywave.grizzlywavestarter.configuration.AnnotationAspect [main] StopWatch '': running time = 480654900 ns
---------------------------------------------
ns         %     Task name
---------------------------------------------
480654900  100%  waveInit annotation Aspect

2021-04-21 12:53:33,643 INFO com.grizzlywave.grizzlywavestarter.configuration.AnnotationAspect [main] 
{
"StartTime" : "2021-04-21T11:53:33:0160Z" 
 "correlationId" : "8d640f86-b844-478a-ba18-c6f5c32191f2" 
 "EventType" : "Init" 
 "WorkFlow" : "FirstWorkFlow" 
 "event" : "INIT_ORDER" 
 "Payload" : "{"id":2,"customerId":2,"price":200,"state":"pandding"}" 
 "EndTime" : "2021-04-21T11:53:33:0642Z" 
 "Duration" : "480" 
 }
2021-04-21 12:53:35,073 INFO com.grizzlywave.grizzlywavestarter.configuration.AnnotationAspect [org.springframework.kafka.KafkaListenerEndpointContainer#0-0-C-1] WaveTransition event sent successfully
2021-04-21 12:53:35,075 INFO com.grizzlywave.grizzlywavestarter.configuration.AnnotationAspect [org.springframework.kafka.KafkaListenerEndpointContainer#0-0-C-1] {"id":2,"customerId":2,"price":200,"state":"pandding"}
2021-04-21 12:53:35,075 INFO com.grizzlywave.grizzlywavestarter.configuration.AnnotationAspect [org.springframework.kafka.KafkaListenerEndpointContainer#0-0-C-1] {"id":14,"customerId":2,"price":200,"state":"pandding"}
2021-04-21 12:53:35,076 INFO com.grizzlywave.grizzlywavestarter.configuration.AnnotationAspect [org.springframework.kafka.KafkaListenerEndpointContainer#0-0-C-1] StopWatch '': running time = 8632800 ns
---------------------------------------------
ns         %     Task name
---------------------------------------------
008632800  100%  waveTransition afterReturn  annotation Aspect

2021-04-21 12:55:15,050 INFO com.grizzlywave.grizzlywavestarter.configuration.AnnotationAspect [main] 2
2021-04-21 12:55:15,143 INFO com.grizzlywave.grizzlywavestarter.configuration.AnnotationAspect [main] WaveInit event sent successfully 
2021-04-21 12:55:15,152 INFO com.grizzlywave.grizzlywavestarter.configuration.AnnotationAspect [main] StopWatch '': running time = 137171300 ns
---------------------------------------------
ns         %     Task name
---------------------------------------------
137171300  100%  waveInit annotation Aspect

2021-04-21 12:55:15,152 INFO com.grizzlywave.grizzlywavestarter.configuration.AnnotationAspect [main] 
{
"StartTime" : "2021-04-21T11:55:15:0014Z" 
 "correlationId" : "660fc83b-d944-4cde-9cbf-86b1a87500cd" 
 "EventType" : "Init" 
 "WorkFlow" : "FirstWorkFlow" 
 "event" : "INIT_ORDER" 
 "Payload" : "{"id":2,"customerId":2,"price":200,"state":"pandding"}" 
 "EndTime" : "2021-04-21T11:55:15:0151Z" 
 "Duration" : "137" 
 }
2021-04-21 12:55:17,104 INFO com.grizzlywave.grizzlywavestarter.configuration.AnnotationAspect [org.springframework.kafka.KafkaListenerEndpointContainer#0-0-C-1] WaveTransition event sent successfully
2021-04-21 12:55:17,105 INFO com.grizzlywave.grizzlywavestarter.configuration.AnnotationAspect [org.springframework.kafka.KafkaListenerEndpointContainer#0-0-C-1] {"id":2,"customerId":2,"price":200,"state":"pandding"}
2021-04-21 12:55:17,106 INFO com.grizzlywave.grizzlywavestarter.configuration.AnnotationAspect [org.springframework.kafka.KafkaListenerEndpointContainer#0-0-C-1] {"id":14,"customerId":2,"price":200,"state":"pandding"}
2021-04-21 12:55:17,106 INFO com.grizzlywave.grizzlywavestarter.configuration.AnnotationAspect [org.springframework.kafka.KafkaListenerEndpointContainer#0-0-C-1] StopWatch '': running time = 6434000 ns
---------------------------------------------
ns         %     Task name
---------------------------------------------
006434000  100%  waveTransition afterReturn  annotation Aspect

2021-04-21 13:00:28,032 INFO com.grizzlywave.grizzlywavestarter.configuration.AnnotationAspect [main] 2
2021-04-21 13:00:28,122 INFO com.grizzlywave.grizzlywavestarter.configuration.AnnotationAspect [main] WaveInit event sent successfully 
2021-04-21 13:00:28,132 INFO com.grizzlywave.grizzlywavestarter.configuration.AnnotationAspect [main] StopWatch '': running time = 147091800 ns
---------------------------------------------
ns         %     Task name
---------------------------------------------
147091800  100%  waveInit annotation Aspect

2021-04-21 13:00:28,132 INFO com.grizzlywave.grizzlywavestarter.configuration.AnnotationAspect [main] 
{
"StartTime" : "2021-04-21T12:00:27:0983Z" 
 "correlationId" : "07c283fb-fdc4-43f3-bcb7-e409f74265ca" 
 "EventType" : "Init" 
 "WorkFlow" : "FirstWorkFlow" 
 "event" : "INIT_ORDER" 
 "Payload" : "{"id":2,"customerId":2,"price":200,"state":"pandding"}" 
 "EndTime" : "2021-04-21T12:00:28:0131Z" 
 "Duration" : "147" 
 }
2021-04-21 13:00:30,079 INFO com.grizzlywave.grizzlywavestarter.configuration.AnnotationAspect [org.springframework.kafka.KafkaListenerEndpointContainer#0-0-C-1] WaveTransition event sent successfully
2021-04-21 13:00:30,081 INFO com.grizzlywave.grizzlywavestarter.configuration.AnnotationAspect [org.springframework.kafka.KafkaListenerEndpointContainer#0-0-C-1] {"id":2,"customerId":2,"price":200,"state":"pandding"}
2021-04-21 13:00:30,082 INFO com.grizzlywave.grizzlywavestarter.configuration.AnnotationAspect [org.springframework.kafka.KafkaListenerEndpointContainer#0-0-C-1] {"id":14,"customerId":2,"price":200,"state":"pandding"}
2021-04-21 13:00:30,082 INFO com.grizzlywave.grizzlywavestarter.configuration.AnnotationAspect [org.springframework.kafka.KafkaListenerEndpointContainer#0-0-C-1] StopWatch '': running time = 10094800 ns
---------------------------------------------
ns         %     Task name
---------------------------------------------
010094800  100%  waveTransition afterReturn  annotation Aspect

2021-04-21 14:34:14,763 INFO com.grizzlywave.grizzlywavestarter.configuration.AnnotationAspect [main] 2
2021-04-21 14:34:14,958 INFO com.grizzlywave.grizzlywavestarter.configuration.AnnotationAspect [main] WaveInit event sent successfully 
2021-04-21 14:34:14,969 INFO com.grizzlywave.grizzlywavestarter.configuration.AnnotationAspect [main] StopWatch '': running time = 255912000 ns
---------------------------------------------
ns         %     Task name
---------------------------------------------
255912000  100%  waveInit annotation Aspect

2021-04-21 14:34:14,969 INFO com.grizzlywave.grizzlywavestarter.configuration.AnnotationAspect [main] 
{
"StartTime" : "2021-04-21T13:34:14:0712Z" 
 "correlationId" : "02fcde0a-34c3-467d-ac14-e6c361205acd" 
 "EventType" : "Init" 
 "WorkFlow" : "FirstWorkFlow" 
 "event" : "INIT_ORDER" 
 "Payload" : "{"id":2,"customerId":2,"price":200,"state":"pandding"}" 
 "EndTime" : "2021-04-21T13:34:14:0968Z" 
 "Duration" : "255" 
 }
2021-04-21 14:34:40,193 INFO com.grizzlywave.grizzlywavestarter.configuration.AnnotationAspect [main] 2
2021-04-21 14:34:40,281 INFO com.grizzlywave.grizzlywavestarter.configuration.AnnotationAspect [main] WaveInit event sent successfully 
2021-04-21 14:34:40,289 INFO com.grizzlywave.grizzlywavestarter.configuration.AnnotationAspect [main] StopWatch '': running time = 131024800 ns
---------------------------------------------
ns         %     Task name
---------------------------------------------
131024800  100%  waveInit annotation Aspect

2021-04-21 14:34:40,290 INFO com.grizzlywave.grizzlywavestarter.configuration.AnnotationAspect [main] 
{
"StartTime" : "2021-04-21T13:34:40:0157Z" 
 "correlationId" : "53008f93-10a1-44be-8057-1febfa82c7a6" 
 "EventType" : "Init" 
 "WorkFlow" : "FirstWorkFlow" 
 "event" : "INIT_ORDER" 
 "Payload" : "{"id":2,"customerId":2,"price":200,"state":"pandding"}" 
 "EndTime" : "2021-04-21T13:34:40:0288Z" 
 "Duration" : "131" 
 }
2021-04-21 14:34:42,303 INFO com.grizzlywave.grizzlywavestarter.configuration.AnnotationAspect [org.springframework.kafka.KafkaListenerEndpointContainer#0-0-C-1] WaveTransition event sent successfully
2021-04-21 14:34:42,306 INFO com.grizzlywave.grizzlywavestarter.configuration.AnnotationAspect [org.springframework.kafka.KafkaListenerEndpointContainer#0-0-C-1] {"id":2,"customerId":2,"price":200,"state":"pandding"}
2021-04-21 14:34:42,308 INFO com.grizzlywave.grizzlywavestarter.configuration.AnnotationAspect [org.springframework.kafka.KafkaListenerEndpointContainer#0-0-C-1] {"id":14,"customerId":2,"price":200,"state":"pandding"}
2021-04-21 14:34:42,308 INFO com.grizzlywave.grizzlywavestarter.configuration.AnnotationAspect [org.springframework.kafka.KafkaListenerEndpointContainer#0-0-C-1] StopWatch '': running time = 12974800 ns
---------------------------------------------
ns         %     Task name
---------------------------------------------
012974800  100%  waveTransition afterReturn  annotation Aspect

2021-04-21 14:34:42,309 INFO com.grizzlywave.grizzlywavestarter.configuration.AnnotationAspect [org.springframework.kafka.KafkaListenerEndpointContainer#0-0-C-1] 
{
"StartTime" : "2021-04-21T13:34:42:0295Z" 
 "correlationId" : "" 
 "EventType" : "Transition" 
 "WorkFlow" : "WorkFlow" 
 "StepName" : "cheked" 
 "Source event" : "customerMS" 
 "Target event" : "orderMS" 
 "Payload" : "{"id":14,"customerId":2,"price":200,"state":"pandding"}" 
 "EndTime" : "2021-04-21T13:34:42:0308Z" 
 "Duration" : "12" 
 }
2021-04-21 14:54:52,038 INFO com.grizzlywave.grizzlywavestarter.configuration.AnnotationAspect [main] 2
2021-04-21 14:54:52,171 INFO com.grizzlywave.grizzlywavestarter.configuration.AnnotationAspect [main] WaveInit event sent successfully 
2021-04-21 14:54:52,181 INFO com.grizzlywave.grizzlywavestarter.configuration.AnnotationAspect [main] StopWatch '': running time = 196595200 ns
---------------------------------------------
ns         %     Task name
---------------------------------------------
196595200  100%  waveInit annotation Aspect

2021-04-21 14:54:52,181 INFO com.grizzlywave.grizzlywavestarter.configuration.AnnotationAspect [main] 
{
"StartTime" : "2021-04-21T13:54:51:0983Z" 
 "correlationId" : "d8f3db6a-2509-4b22-a4d3-d8dc140ff101" 
 "EventType" : "Init" 
 "WorkFlow" : "FirstWorkFlow" 
 "event" : "INIT_ORDER" 
 "Payload" : "{"id":2,"customerId":2,"price":200,"state":"pandding"}" 
 "EndTime" : "2021-04-21T13:54:52:0180Z" 
 "Duration" : "196" 
 }
2021-04-21 14:54:54,101 INFO com.grizzlywave.grizzlywavestarter.configuration.AnnotationAspect [org.springframework.kafka.KafkaListenerEndpointContainer#0-0-C-1] WaveTransition event sent successfully
2021-04-21 14:54:54,102 INFO com.grizzlywave.grizzlywavestarter.configuration.AnnotationAspect [org.springframework.kafka.KafkaListenerEndpointContainer#0-0-C-1] {"id":2,"customerId":2,"price":200,"state":"pandding"}
2021-04-21 14:54:54,102 INFO com.grizzlywave.grizzlywavestarter.configuration.AnnotationAspect [org.springframework.kafka.KafkaListenerEndpointContainer#0-0-C-1] {"id":14,"customerId":2,"price":200,"state":"pandding"}
2021-04-21 14:54:54,103 INFO com.grizzlywave.grizzlywavestarter.configuration.AnnotationAspect [org.springframework.kafka.KafkaListenerEndpointContainer#0-0-C-1] StopWatch '': running time = 8781900 ns
---------------------------------------------
ns         %     Task name
---------------------------------------------
008781900  100%  waveTransition afterReturn  annotation Aspect

2021-04-21 14:54:54,104 INFO com.grizzlywave.grizzlywavestarter.configuration.AnnotationAspect [org.springframework.kafka.KafkaListenerEndpointContainer#0-0-C-1] 
{
"StartTime" : "2021-04-21T13:54:54:0094Z" 
 "correlationId" : "" 
 "EventType" : "Transition" 
 "WorkFlow" : "WorkFlow" 
 "StepName" : "cheked" 
 "Source event" : "customerMS" 
 "Target event" : "orderMS" 
 "Payload" : "{"id":14,"customerId":2,"price":200,"state":"pandding"}" 
 "EndTime" : "2021-04-21T13:54:54:0103Z" 
 "Duration" : "8" 
 }
2021-04-21 14:56:03,705 INFO com.grizzlywave.grizzlywavestarter.configuration.AnnotationAspect [main] 2
2021-04-21 14:56:03,812 INFO com.grizzlywave.grizzlywavestarter.configuration.AnnotationAspect [main] WaveInit event sent successfully 
2021-04-21 14:56:03,821 INFO com.grizzlywave.grizzlywavestarter.configuration.AnnotationAspect [main] StopWatch '': running time = 153669000 ns
---------------------------------------------
ns         %     Task name
---------------------------------------------
153669000  100%  waveInit annotation Aspect

2021-04-21 14:56:03,822 INFO com.grizzlywave.grizzlywavestarter.configuration.AnnotationAspect [main] 
{
"StartTime" : "2021-04-21T13:56:03:0667Z" 
 "correlationId" : "650cb8c2-59f8-4be6-b7f7-009ec7115b97" 
 "EventType" : "Init" 
 "WorkFlow" : "FirstWorkFlow" 
 "event" : "INIT_ORDER" 
 "Payload" : "{"id":2,"customerId":2,"price":200,"state":"pandding"}" 
 "EndTime" : "2021-04-21T13:56:03:0821Z" 
 "Duration" : "153" 
 }
2021-04-21 14:56:05,832 INFO com.grizzlywave.grizzlywavestarter.configuration.AnnotationAspect [org.springframework.kafka.KafkaListenerEndpointContainer#0-0-C-1] WaveTransition event sent successfully
2021-04-21 14:56:05,834 INFO com.grizzlywave.grizzlywavestarter.configuration.AnnotationAspect [org.springframework.kafka.KafkaListenerEndpointContainer#0-0-C-1] {"id":2,"customerId":2,"price":200,"state":"pandding"}
2021-04-21 14:56:05,834 INFO com.grizzlywave.grizzlywavestarter.configuration.AnnotationAspect [org.springframework.kafka.KafkaListenerEndpointContainer#0-0-C-1] {"id":14,"customerId":2,"price":200,"state":"pandding"}
2021-04-21 14:56:05,835 INFO com.grizzlywave.grizzlywavestarter.configuration.AnnotationAspect [org.springframework.kafka.KafkaListenerEndpointContainer#0-0-C-1] StopWatch '': running time = 5762500 ns
---------------------------------------------
ns         %     Task name
---------------------------------------------
005762500  100%  waveTransition afterReturn  annotation Aspect

2021-04-21 14:56:05,836 INFO com.grizzlywave.grizzlywavestarter.configuration.AnnotationAspect [org.springframework.kafka.KafkaListenerEndpointContainer#0-0-C-1] 
{
"StartTime" : "2021-04-21T13:56:05:0828Z" 
 "correlationId" : "" 
 "EventType" : "Transition" 
 "WorkFlow" : "WorkFlow" 
 "StepName" : "cheked" 
 "Source event" : "customerMS" 
 "Target event" : "orderMS" 
 "Payload" : "{"id":14,"customerId":2,"price":200,"state":"pandding"}" 
 "EndTime" : "2021-04-21T13:56:05:0835Z" 
 "Duration" : "5" 
 }
2021-04-21 14:57:20,900 INFO com.grizzlywave.grizzlywavestarter.configuration.AnnotationAspect [main] 2
2021-04-21 14:57:20,993 INFO com.grizzlywave.grizzlywavestarter.configuration.AnnotationAspect [main] WaveInit event sent successfully 
2021-04-21 14:57:21,000 INFO com.grizzlywave.grizzlywavestarter.configuration.AnnotationAspect [main] StopWatch '': running time = 140953300 ns
---------------------------------------------
ns         %     Task name
---------------------------------------------
140953300  100%  waveInit annotation Aspect

2021-04-21 14:57:21,000 INFO com.grizzlywave.grizzlywavestarter.configuration.AnnotationAspect [main] 
{
"StartTime" : "2021-04-21T13:57:20:0859Z" 
 "correlationId" : "15676c07-e8e8-43b2-a392-e30478021f76" 
 "EventType" : "Init" 
 "WorkFlow" : "FirstWorkFlow" 
 "event" : "INIT_ORDER" 
 "Payload" : "Order [id=2, customerId=2, price=200, state=pandding]" 
 "EndTime" : "2021-04-21T13:57:20:0999Z" 
 "Duration" : "140" 
 }
2021-04-21 14:57:22,986 INFO com.grizzlywave.grizzlywavestarter.configuration.AnnotationAspect [org.springframework.kafka.KafkaListenerEndpointContainer#0-0-C-1] WaveTransition event sent successfully
2021-04-21 14:57:22,988 INFO com.grizzlywave.grizzlywavestarter.configuration.AnnotationAspect [org.springframework.kafka.KafkaListenerEndpointContainer#0-0-C-1] {"id":2,"customerId":2,"price":200,"state":"pandding"}
2021-04-21 14:57:22,988 INFO com.grizzlywave.grizzlywavestarter.configuration.AnnotationAspect [org.springframework.kafka.KafkaListenerEndpointContainer#0-0-C-1] Order [id=14, customerId=2, price=200, state=pandding]
2021-04-21 14:57:22,988 INFO com.grizzlywave.grizzlywavestarter.configuration.AnnotationAspect [org.springframework.kafka.KafkaListenerEndpointContainer#0-0-C-1] StopWatch '': running time = 10215900 ns
---------------------------------------------
ns         %     Task name
---------------------------------------------
010215900  100%  waveTransition afterReturn  annotation Aspect

2021-04-21 14:57:22,989 INFO com.grizzlywave.grizzlywavestarter.configuration.AnnotationAspect [org.springframework.kafka.KafkaListenerEndpointContainer#0-0-C-1] 
{
"StartTime" : "2021-04-21T13:57:22:0978Z" 
 "correlationId" : "" 
 "EventType" : "Transition" 
 "WorkFlow" : "WorkFlow" 
 "StepName" : "cheked" 
 "Source event" : "customerMS" 
 "Target event" : "orderMS" 
 "Payload" : "Order [id=14, customerId=2, price=200, state=pandding]" 
 "EndTime" : "2021-04-21T13:57:22:0988Z" 
 "Duration" : "10" 
 }
